2024-09-09 17:07:56 [INFO] [main.py] [697] 准备搜集 TaylorSwiftNow 的微博
2024-09-09 17:07:56 [INFO] [main.py] [673] 已获取用户 TaylorSwiftNow 的微博，内容为 【Video】I Can Do It With a Broken Heart (Official Video)
Director/Producer: Taylor Swift
TaylorSwiftNow的微博视频
 
2024-09-09 17:07:56 [INFO] [main.py] [673] 已获取用户 TaylorSwiftNow 的微博，内容为 【Vote Now!】第三轮已开始，目前处于劣势
TaylorSwift
 
2024-09-09 17:07:56 [INFO] [main.py] [673] 已获取用户 TaylorSwiftNow 的微博，内容为 【Pics】Taylor与Travis在纽约 
2024-09-09 17:07:56 [INFO] [main.py] [673] 已获取用户 TaylorSwiftNow 的微博，内容为 【Pics】Taylor与Travis在纽约外出 
2024-09-09 17:07:56 [INFO] [main.py] [673] 已获取用户 TaylorSwiftNow 的微博，内容为 【Pics】Taylor与Travis在纽约外出用餐 
2024-09-09 17:07:56 [INFO] [main.py] [673] 已获取用户 TaylorSwiftNow 的微博，内容为 【Video】泰勒丝在美网现场 
TaylorSwift
 
2024-09-09 17:07:56 [INFO] [main.py] [534] URL: https://m.weibo.cn/detail/5076621824360970 
2024-09-09 17:07:57 [INFO] [main.py] [673] 已获取用户 TaylorSwiftNow 的微博，内容为 【Pics】泰勒丝在美网现场 
2024-09-09 17:07:57 [INFO] [main.py] [534] URL: https://m.weibo.cn/detail/5076600585978381 
2024-09-09 17:07:57 [INFO] [main.py] [673] 已获取用户 TaylorSwiftNow 的微博，内容为 【Pics】泰勒丝在美网现场 
2024-09-09 17:07:57 [INFO] [main.py] [673] 已获取用户 TaylorSwiftNow 的微博，内容为 0  V   i   d   e   o   0    Q  [  ¹e  >y  Z  ôf  °e  ðl  ÒR  N  N  T   r   a   v   i   s   eQ  :W  Æ    
2024-09-09 17:07:57 [INFO] [main.py] [673] 已获取用户 TaylorSwiftNow 的微博，内容为 【Pic】Taylor与Travis抵达美网现场 
2024-09-09 17:07:57 [INFO] [main.py] [673] 已获取用户 TaylorSwiftNow 的微博，内容为 【Pics】Taylor昨天也佩戴了身体链
Cr. X tswiftstyle 
2024-09-09 17:07:57 [INFO] [main.py] [683] ------------------------------已获取TaylorSwiftNow(5659527751)的第1页微博------------------------------
2024-09-09 17:07:57 [INFO] [main.py] [673] 已获取用户 TaylorSwiftNow 的微博，内容为 【Vote】VMA夏日歌曲第三轮来咯 
2024-09-09 17:07:57 [INFO] [main.py] [673] 已获取用户 TaylorSwiftNow 的微博，内容为 0  K   e   e   p       V   o   t   i   n   g   0  M   T   V   Y  åe  Lk  òf  ,{  N  n  óõ þ  ý  s^  ó  5   0   %   
2024-09-09 17:07:57 [INFO] [main.py] [534] URL: https://m.weibo.cn/detail/5076409896668814 
2024-09-09 17:07:58 [INFO] [main.py] [673] 已获取用户 TaylorSwiftNow 的微博，内容为 【Radio】9/7 电台更新
Pop
12 (=) I Can Do It With A Broken Heart *Peak 11
播放: 7261 (+91)
听众: 15.036M (+0.125M)
(R) Fortnight *Peak 4
播放: 364 (-7)
听众: 0.509M (-0.026M)
(R) Cruel Summer *Peak 1
播放: 2866 (+62)
听众: 6.765M (+0.123M)
HAC
8 (=) I Can Do It With A Broken Heart *Peak 7
播放: 3859 (+20)
听众: 11.297M (+0.055M)
32 (+1) Fortnight *Peak 1
播放: 402 (-7)
听众: 1.316M (-0.061M)
(R) Cruel Summer *Peak 1
播放: 1930 (+29)
听众: 7.112M (+0.087M)
AC
3 (=) Cruel Summer *Peak 1
播放: 1955 (+32)
听众: 9.233M (+0.205M)
10 (=) Fortnight *Peak 7
播放: 291 (+1)
听众: 0.954M (-0.016M)
23 (+1) I Can Do It With A Broken Heart *New Peak*
播放: 56 (+5)
听众: 0.156M (+0.019M)
2024-09-09 17:07:58 [INFO] [main.py] [534] URL: https://m.weibo.cn/detail/5076409831919608 
2024-09-09 17:07:58 [INFO] [main.py] [673] 已获取用户 TaylorSwiftNow 的微博，内容为 【Data】Spotify 9/7 全球日榜
32 (=) Cruel Summer - 2,607,608 [-3.20%]
89 (-14) Fortnight - 1,730,092 [-6.39%]
120 (-8) I Can Do It With a Broken Heart - 1,538,275 [-6.46%]
140 (+3) august - 1,466,068 [-3.48%]
Spotify 9/7 美区日榜
52 (+8) Cruel Summer - 554,781 [-0.70%]
59 (+3) I Can Do It With a Broken Heart - 528,606 [-5.07%]
76 (+3) Fortnight - 481,815 [-5.93%]
155 (+21) august - 364,867 [-3.65%]
2024-09-09 17:07:58 [INFO] [main.py] [673] 已获取用户 TaylorSwiftNow 的微博，内容为 0  V   o   t   e       N   o   w   0  V   M   A   Y  åe  Lk  òf  ,{  N  n  b  /   hy  ÿ  îv  MR  Y  N  £R  ¿R  ÿ  MR  _  M   T   V   [  ¹e  I   G   ë_  Íb  u  	  éb  F   o   r   t   n   i   g   h   t   óõ þ      
2024-09-09 17:07:58 [INFO] [main.py] [673] 已获取用户 TaylorSwiftNow 的微博，内容为 【News】Hayley Williams提到最喜欢的霉曲是hoax
“I really love it. It’s sad, fucking sappy song. It’s very beautiful. A little toxic. I love that.” 
TaylorSwiftNow的微博视频
 
2024-09-09 17:07:58 [INFO] [main.py] [673] 已获取用户 TaylorSwiftNow 的微博，内容为 【Pics】Taylor离开Electric Lady Studio 
2024-09-09 17:07:58 [INFO] [main.py] [673] 已获取用户 TaylorSwiftNow 的微博，内容为 【Video】Taylor与Travis离开Electric Lady Studio 
2024-09-09 17:07:58 [INFO] [main.py] [673] 已获取用户 TaylorSwiftNow 的微博，内容为 【News】Elton John在被问及想与哪些艺人合作时提到Taylor
“和Taylor一起唱歌我当然没问题啦。她是一位伟大的创作者、伟大的艺人，非常出色，Beatles之后就没看到过如此非凡的成就了。她也一直非常努力。” 
TaylorSwiftNow的微博视频
 
2024-09-09 17:07:58 [INFO] [main.py] [534] URL: https://m.weibo.cn/detail/5076259500982417 
2024-09-09 17:07:58 [INFO] [main.py] [673] 已获取用户 TaylorSwiftNow 的微博，内容为 【Pics】Taylor在纽约Electric Lady Studios参加英国模特Karen Elson与录音室老板Lee Foster的婚礼 
2024-09-09 17:07:58 [INFO] [main.py] [683] ------------------------------已获取TaylorSwiftNow(5659527751)的第2页微博------------------------------
2024-09-09 17:07:59 [INFO] [main.py] [673] 已获取用户 TaylorSwiftNow 的微博，内容为 【News】Megan Thee Stallion表示自己想在未来与Taylor合作
“我很爱泰勒丝，希望有一天能和她合作。”
“她也是位女强人，个子很高的女孩。我喜欢这一点。我们一起肯定很棒。” 
2024-09-09 17:07:59 [INFO] [main.py] [534] URL: https://m.weibo.cn/detail/5076134603261842 
2024-09-09 17:07:59 [INFO] [main.py] [673] 已获取用户 TaylorSwiftNow 的微博，内容为 【Radio】9/7 电台更新
Pop
12 (-1) I Can Do It With A Broken Heart *Peak 11
播放: 7170 (+20)
听众: 14.911M (-0.088M)
(R) Fortnight *Peak 4
播放: 371 (-1)
听众: 0.535M (-0.014M)
(R) Cruel Summer *Peak 1
播放: 2804 (+9)
听众: 6.642M (-0.075M)
HAC
8 (=) I Can Do It With A Broken Heart *Peak 7
播放: 3839 (-26)
听众: 11.242M (-0.037M)
33 (+1) Fortnight *Peak 1
播放: 409 (-3)
听众: 1.377M (+0.064M)
(R) Cruel Summer *Peak 1
播放: 1901 (+10)
听众: 7.025M (-0.033M)
AC
3 (=) Cruel Summer *Peak 1
播放: 1923 (+23)
听众: 9.028M (+0.134M)
10 (=) Fortnight *Peak 7
播放: 290 (+9)
听众: 0.970M (-0.004M)
24 (+2) I Can Do It With A Broken Heart *New Peak*
播放: 51 (+5)
听众: 0.137M (+0.023M)
2024-09-09 17:07:59 [INFO] [main.py] [673] 已获取用户 TaylorSwiftNow 的微博，内容为 0  V   o   t   e   0  V   M   A   Y  åe  Lk  òf  ,{  N  n  óõ þ  ÿ  MR  _  M   T   V   [  ¹e  I   G   ë_  Íb  u  :N  F   o   r   t   n   i   g   h   t   b  /   hy      
2024-09-09 17:07:59 [INFO] [main.py] [534] URL: https://m.weibo.cn/detail/5076060219640470 
2024-09-09 17:08:00 [INFO] [main.py] [673] 已获取用户 TaylorSwiftNow 的微博，内容为 【Data】Spotify 9/6 全球日榜
32 (+2) Cruel Summer - 2,693,759 [+4.47%]
75 (-1) Fortnight - 1,848,251 [+2.92%]
112 (-13) I Can Do It With a Broken Heart - 1,644,579 [+0.63%]
143 (-27) august - 1,518,979 [-3.08%]
Spotify 9/6 美区日榜
60 (=) Cruel Summer - 558,702 [+4.53%]
62 (-4) I Can Do It With a Broken Heart - 556,831 [+2.11%]
79 (+1) Fortnight - 512,171 [+3.02%]
176 (-26) august - 378,698 [-2.87%]
2024-09-09 17:08:00 [INFO] [main.py] [673] 已获取用户 TaylorSwiftNow 的微博，内容为 【Pics】Chariah Gordon更新两张昨天的赛后合影 
2024-09-09 17:08:00 [INFO] [main.py] [673] 已获取用户 TaylorSwiftNow 的微博，内容为 【Pics】Taylor今晚在纽约 
2024-09-09 17:08:00 [INFO] [main.py] [673] 已获取用户 TaylorSwiftNow 的微博，内容为 【News】Jacob Elordi在提到新片On Swift Horses中两个角色被持续引向对方时说道：
“我记得Taylor把它称为invisible string。”
TaylorSwift
 
2024-09-09 17:08:00 [INFO] [main.py] [673] 已获取用户 TaylorSwiftNow 的微博，内容为 【Video】Taylor离开餐厅
Cr. IG bobbystout 
TaylorSwiftNow的微博视频
 
2024-09-09 17:08:00 [INFO] [main.py] [673] 已获取用户 TaylorSwiftNow 的微博，内容为 【Pics】新增两枚2012年Elle弃图 
TaylorSwift
 
2024-09-09 17:08:00 [INFO] [main.py] [673] 已获取用户 TaylorSwiftNow 的微博，内容为 【Video】Taylor在纽约外出用餐 
TaylorSwiftNow的微博视频
 
2024-09-09 17:08:00 [INFO] [main.py] [683] ------------------------------已获取TaylorSwiftNow(5659527751)的第3页微博------------------------------
2024-09-09 17:08:00 [INFO] [main.py] [673] 已获取用户 TaylorSwiftNow 的微博，内容为 【News】昨天一位粉丝观看比赛时身穿此前为观看苏黎世耳朵巡演制作的夹克，并获得了泰勒丝的夸赞
“Oh that’s soooo cute. I love it! So cute.”
TaylorSwift
 
2024-09-09 17:08:00 [INFO] [main.py] [673] 已获取用户 TaylorSwiftNow 的微博，内容为 0  V   o   t   e   0  V   M   A   Y  åe  Lk  òf  ,{   N  n  óõ þ  ò]   _  /T  ÿ  ïS  MR  _  M   T   V   [  ¹e  I   G   ë_  Íb  u  :N  F   o   r   t   n   i   g   h   t   b  /   hy      
2024-09-09 17:08:00 [INFO] [main.py] [534] URL: https://m.weibo.cn/detail/5075730633594704 
2024-09-09 17:08:01 [INFO] [main.py] [673] 已获取用户 TaylorSwiftNow 的微博，内容为 【Radio】9/5 电台更新
Pop
11 (=) I Can Do It With A Broken Heart *Peak
播放: 7150 (+24)
听众: 14.999M (=)
(R) Cruel Summer *Peak 1
播放: 2795 (-10)
听众: 6.717M (-0.088M)
(R) Fortnight *Peak 4
播放: 372 (-2)
听众: 0.549M (-0.033M)
HAC
8 (=) I Can Do It With A Broken Heart *Peak 7
播放: 3865 (+4)
听众: 11.279M (+0.121M)
34 (=) Fortnight *Peak 1
播放: 412 (=)
听众: 1.313M (-0.083M)
(R) Cruel Summer *Peak 1
播放: 1891 (-51)
听众: 7.058M (-0.069M)
AC
3 (=) Cruel Summer *Peak 1
播放: 1900 (+22)
听众: 8.894M (+0.005M)
10 (=) Fortnight *Peak 7
播放: 281 (-5)
听众: 0.974M (+0.045M)
26 (=) I Can Do It With A Broken Heart *Peak
播放: 46 (+4)
听众: 0.114M (+0.020M)
TaylorSwift
2024-09-09 17:08:01 [INFO] [main.py] [534] URL: https://m.weibo.cn/detail/5075719247894140 
2024-09-09 17:08:01 [INFO] [main.py] [673] 已获取用户 TaylorSwiftNow 的微博，内容为 【Data】Spotify 9/5 全球日榜
34 (=) Cruel Summer - 2,578,381 [-1.12%]
74 (+2) Fortnight - 1,795,737 [-0.08%]
99 (-5) I Can Do It With a Broken Heart - 1,634,325 [-0.81%]
116 (-5) august - 1,567,245 [-0.36%]
Spotify 9/5 美区日榜
58 (=) I Can Do It With a Broken Heart - 545,340 [-0.30%]
60 (+6) Cruel Summer - 534,514 [+0.39%]
80 (+5) Fortnight - 497,142 [+1.04%]
150 (=) august - 389,904 [+0.61%]
TaylorSwift
2024-09-09 17:08:01 [INFO] [main.py] [673] 已获取用户 TaylorSwiftNow 的微博，内容为 【Video】Taylor与美国橄榄球运动员Mecole Hardman妻子Chariah Gordon的“赛后小采访” 
2024-09-09 17:08:01 [INFO] [main.py] [673] 已获取用户 TaylorSwiftNow 的微博，内容为 【Pics】泰勒丝今日戴的友谊手链是“TAYTAY”
TaylorSwift
 
2024-09-09 17:08:01 [INFO] [main.py] [673] 已获取用户 TaylorSwiftNow 的微博，内容为 【Playlist】Spotify Today's Top Hits列表更新
14.(-4) I Can Do It With a Broken Heart
30.(=) Fortnight (feat. Post Malone)
TaylorSwift
 
2024-09-09 17:08:01 [INFO] [main.py] [673] 已获取用户 TaylorSwiftNow 的微博，内容为 【News】TN更新社交媒体
See how she wears her cropped flannel and high waisted black jean shorts? Very sad girl autumn. Very “miserable and nobody even knows.” ✨ 
TaylorSwiftNow的微博视频
 
2024-09-09 17:08:01 [INFO] [main.py] [673] 已获取用户 TaylorSwiftNow 的微博，内容为 【Pics】泰勒丝在比赛现场 
2024-09-09 17:08:01 [INFO] [main.py] [673] 已获取用户 TaylorSwiftNow 的微博，内容为 【Pic】近距离看今日份霉霉姐 
2024-09-09 17:08:01 [INFO] [main.py] [683] ------------------------------已获取TaylorSwiftNow(5659527751)的第4页微博------------------------------
2024-09-09 17:08:12 [INFO] [main.py] [673] 已获取用户 TaylorSwiftNow 的微博，内容为 【Video】泰勒丝抵达Arrowhead体育场 
TaylorSwiftNow的微博视频
 
2024-09-09 17:08:12 [INFO] [main.py] [673] 已获取用户 TaylorSwiftNow 的微博，内容为 【News】泰勒丝今日会前往Arrowhead Stadium观看NFL比赛
TaylorSwift
 
2024-09-09 17:08:12 [INFO] [main.py] [534] URL: https://m.weibo.cn/detail/5075351858320911 
2024-09-09 17:08:12 [INFO] [main.py] [673] 已获取用户 TaylorSwiftNow 的微博，内容为 【Radio】9/4 电台更新
Pop
11 (=) I Can Do It With A Broken Heart *Peak
播放: 7126 (+50)
听众: 14.999M (-0.001M)
(R) Fortnight *Peak 4
播放: 374 (-5)
听众: 0.582M (-0.007M)
(R) Cruel Summer *Peak 1
播放: 2805 (-41)
听众: 6.805M (-0.042M)
HAC
8 (-1) I Can Do It With A Broken Heart *Peak 7
播放: 3861 (+2)
听众: 11.158M (-0.077M)
34 (=) Fortnight *Peak 1
播放: 412 (=)
听众: 1.396M (+0.063M)
(R) Cruel Summer *Peak 1
播放: 1942 (-23)
听众: 7.127M (-0.011M)
AC
3 (=) Cruel Summer *Peak 1
播放: 1878 (-7)
听众: 8.889M (-0.021M)
10 (=) Fortnight *Peak 7
播放: 286 (-9)
听众: 0.929M (+0.026M)
26 (=) I Can Do It With A Broken Heart *Peak
播放: 42 (+4)
听众: 0.094M (+0.014M)
2024-09-09 17:08:12 [INFO] [main.py] [534] URL: https://m.weibo.cn/detail/5075351639949345 
2024-09-09 17:08:12 [INFO] [main.py] [673] 已获取用户 TaylorSwiftNow 的微博，内容为 【Data】Spotify 9/4 全球日榜
34 (-4) Cruel Summer - 2,607,480 [-3.25%]
76 (-8) Fortnight - 1,797,249 [-4.07%]
94 (=) I Can Do It With a Broken Heart - 1,647,640 [-0.19%]
111 (-11) august - 1,572,850 [-2.63%]
Spotify 9/4 美区日榜
58 (+6) I Can Do It With a Broken Heart - 546,978 [+0.45%]
66 (-1) Cruel Summer - 532,432 [-1.51%]
85 (-9) Fortnight - 492,025 [-3.69%]
150 (-12) august - 387,547 [-2.72%]
2024-09-09 17:08:12 [INFO] [main.py] [673] 已获取用户 TaylorSwiftNow 的微博，内容为 【News】Lady Gaga在Vogue最新采访被问及近期着迷对象时，提到自己也爱泰勒丝
“…我也很爱Taylor Swift。还有Kesha。我看着这一切，然后心想：对，加油！别停下脚步！我不仅是在为她们加油，我希望她们知道我的心与她们同在。而且我希望她们都能感到真正的快乐。” 
2024-09-09 17:08:12 [INFO] [main.py] [534] URL: https://m.weibo.cn/detail/5075277426460735 
2024-09-09 17:08:13 [INFO] [main.py] [673] 已获取用户 TaylorSwiftNow 的微博，内容为 【News】Ice Spice在采访中表示，一开始收到团队的消息时，以为是给Midnight Rain混音，自己做了一些准备，结果后来发现是Karma，“Oh，180度大转变来了”
“不管怎么样，我都很喜欢最后的成品，也超爱那首歌。
之后她带我到Eras Tour演出的时候，我很激动，不过更多的还是紧张。
我记得有一次彩排，完全不敢相信这个舞台的巨大程度。第一次踏上这么大的舞台，我be like ‘Girl怎么办啊啊啊啊’，她就和我说‘你肯定可以的’。她的激励会让你觉得你是有能力做到的。到正式演出我出场的时候，甚至可以从耳返里听到台下的尖叫，完全震惊住了，词都忘得差不多了吧。”
Ice Spice也提到Taylor人美心善，很热情很温暖，二人自见面后就成为了好朋友。 
TaylorSwiftNow的微博视频
2024-09-09 17:08:13 [INFO] [main.py] [534] URL: https://m.weibo.cn/detail/5074994230986641 
2024-09-09 17:08:13 [INFO] [main.py] [673] 已获取用户 TaylorSwiftNow 的微博，内容为 0  C   h   a   r   t   0  ,g  hT  B   i   l   l   b   o   a   r   d   US  òf  i      (   2   4   .   0   9   .   0   7   )   
2024-09-09 17:08:13 [INFO] [main.py] [534] URL: https://m.weibo.cn/detail/5074993949971857 
2024-09-09 17:08:13 [INFO] [main.py] [673] 已获取用户 TaylorSwiftNow 的微博，内容为 【Radio】9/3 电台更新
Pop
11 (=) I Can Do It With A Broken Heart *Peak
播放: 7076 (+41)
听众: 15.000M (+0.035M)
(R) Fortnight *Peak 4
播放: 379 (-9)
听众: 0.589M (+0.014M)
(R) Cruel Summer *Peak 1
播放: 2846 (+15)
听众: 6.847M (+0.040M)
HAC
7 (=) I Can Do It With A Broken Heart *Peak
播放: 3859 (+19)
听众: 11.235M (+0.193M)
34 (-1) Fortnight *Peak 1
播放: 412 (+16)
听众: 1.333M (+0.044M)
(R) Cruel Summer *Peak 1
播放: 1965 (-17)
听众: 7.138M (-0.074M)
AC
3 (=) Cruel Summer *Peak 1
播放: 1885 (+10)
听众: 8.910M (-0.021M)
10 (=) Fortnight *Peak 7
播放: 295 (-3)
听众: 0.903M (+0.002M)
26 (=) I Can Do It With A Broken Heart *Peak
播放: 38 (+5)
听众: 0.080M (+0.021M)
2024-09-09 17:08:13 [INFO] [main.py] [534] URL: https://m.weibo.cn/detail/5074993916149881 
2024-09-09 17:08:14 [INFO] [main.py] [673] 已获取用户 TaylorSwiftNow 的微博，内容为 【Data】Spotify 9/3 全球日榜
30 (+2) Cruel Summer - 2,694,946 [+4.45%]
68 (+5) Fortnight - 1,873,496 [+7.85%]
94 (+3) I Can Do It With a Broken Heart - 1,650,817 [+5.92%]
100 (-9) august - 1,615,397 [+0.78%]
Spotify 9/3 美区日榜
64 (+10) I Can Do It With a Broken Heart - 544,502 [+10.12%]
65 (-5) Cruel Summer - 540,589 [+1.75%]
76 (+10) Fortnight - 510,886 [+11.96%]
138 (+5) august - 398,383 [+6.43%]
2024-09-09 17:08:14 [INFO] [main.py] [534] URL: https://m.weibo.cn/detail/5074881954447965 
2024-09-09 17:08:14 [INFO] [main.py] [673] 已获取用户 TaylorSwiftNow 的微博，内容为 【Pics】The Eras Tour @ Glendale, AZ 媒体图汇总
N1: 
网页链接
 
网页链接
 
网页链接
 
网页链接
 
网页链接
 
网页链接
 
网页链接
 
网页链接
 
网页链接
 
网页链接
 
网页链接
 
网页链接
 
网页链接
 
网页链接
N2: 
网页链接
 
网页链接
 
网页链接
TaylorSwift
2024-09-09 17:08:14 [INFO] [main.py] [683] ------------------------------已获取TaylorSwiftNow(5659527751)的第5页微博------------------------------
2024-09-09 17:08:15 [INFO] [main.py] [673] 已获取用户 TaylorSwiftNow 的微博，内容为 【Pics】The Eras Tour @ Glendale, N2 媒体图 Pt. 3 
TaylorSwift
 
2024-09-09 17:08:15 [INFO] [main.py] [673] 已获取用户 TaylorSwiftNow 的微博，内容为 【Pics】The Eras Tour @ Glendale, N2 媒体图 Pt. 2
TaylorSwift
 
2024-09-09 17:08:15 [INFO] [main.py] [673] 已获取用户 TaylorSwiftNow 的微博，内容为 0  P   i   c   s   0  T   h   e       E   r   a   s       T   o   u   r       @       G   l   e   n   d   a   l   e   ,       N   2       Z  SO  þV      P   t   .       1   
2024-09-09 17:08:15 [INFO] [main.py] [534] URL: https://m.weibo.cn/detail/5074617850924052 
2024-09-09 17:08:15 [INFO] [main.py] [673] 已获取用户 TaylorSwiftNow 的微博，内容为 【Radio】9/2 电台更新
Pop
11 (+1) I Can Do It With A Broken Heart *New Peak*
播放: 7035 (+14)
听众: 14.965M (+0.159M)
(R) Fortnight *Peak 4
播放: 388 (-6)
听众: 0.575M (-0.014M)
(R) Cruel Summer *Peak 1
播放: 2831 (-24)
听众: 6.807M (+0.064M)
HAC
7 (=) I Can Do It With A Broken Heart *Peak
播放: 3840 (+13)
听众: 11.042M (+0.155M)
33 (=) Fortnight *Peak 1
播放: 396 (+4)
听众: 1.289M (-0.004M)
(R) Cruel Summer *Peak 1
播放: 1982 (-44)
听众: 7.212M (-0.014M)
AC
3 (=) Cruel Summer *Peak 1
播放: 1875 (-89)
听众: 8.931M (-0.251M)
10 (=) Fortnight *Peak 7
播放: 298 (-22)
听众: 0.901M (-0.033M)
26 (=) I Can Do It With A Broken Heart *Peak
播放: 33 (=)
听众: 0.059M (=)
2024-09-09 17:08:15 [INFO] [main.py] [673] 已获取用户 TaylorSwiftNow 的微博，内容为 【Pics】The Eras Tour饭拍图
Cr. X 91annawilliams 
TaylorSwift
 
2024-09-09 17:08:15 [INFO] [main.py] [534] URL: https://m.weibo.cn/detail/5074235620592628 
2024-09-09 17:08:15 [INFO] [main.py] [673] 已获取用户 TaylorSwiftNow 的微博，内容为 【Radio】9/1 电台更新
Pop
12 (=) I Can Do It With A Broken Heart *Peak
播放: 7021 (+31)
听众: 14.806M (+0.072M)
(R) Fortnight *Peak 4
播放: 394 (-89)
听众: 0.589M (-0.388M)
(R) Cruel Summer *Peak 1
播放: 2855 (-131)
听众: 6.743M (-0.495M)
HAC
7 (=) I Can Do It With A Broken Heart *Peak
播放: 3827 (-4)
听众: 10.887M (-0.018M)
33 (+1) Fortnight *Peak 1
播放: 392 (+2)
听众: 1.293M (+0.013M)
(R) Cruel Summer *Peak 1
播放: 2026 (-37)
听众: 7.226M (-0.056M)
AC
3 (=) Cruel Summer *Peak 1
播放: 1964 (-73)
听众: 9.182M (-0.267M)
10 (=) Fortnight *Peak 7
播放: 320 (=)
听众: 0.934M (-0.111M)
26 (+1) I Can Do It With A Broken Heart *New Peak*
播放: 33 (+2)
听众: 0.059M (+0.006M)
2024-09-09 17:08:15 [INFO] [main.py] [534] URL: https://m.weibo.cn/detail/5074228076609639 
2024-09-09 17:08:16 [INFO] [main.py] [673] 已获取用户 TaylorSwiftNow 的微博，内容为 【Data】Spotify 9/1 全球日榜
32 (-2) Cruel Summer - 2,452,133 [-7.84%]
76 (-8) Fortnight - 1,666,211 [-11.32%]
95 (+15) august - 1,512,920 [-5.10%]
115 (-9) I Can Do It With a Broken Heart - 1,442,751 [-10.83%]
Spotify 9/1 美区日榜
65 (-5) Cruel Summer - 504,445 [-9.36%]
75 (-12) I Can Do It With a Broken Heart - 470,738 [-13.71%]
85 (-11) Fortnight - 447,365 [-13.42%]
153 (+3) august - 348,863 [-4.68%]
2024-09-09 17:08:16 [INFO] [main.py] [673] 已获取用户 TaylorSwiftNow 的微博，内容为 【Pics】The Eras Tour饭拍图
Cr. X 91annawilliams 
2024-09-09 17:08:16 [INFO] [main.py] [673] 已获取用户 TaylorSwiftNow 的微博，内容为 【Pics】The Eras Tour饭拍图
Cr. X 91annawilliams 
2024-09-09 17:08:16 [INFO] [main.py] [673] 已获取用户 TaylorSwiftNow 的微博，内容为 【Pics】The Eras Tour饭拍图
Cr. X 91annawilliams 
2024-09-09 17:08:16 [INFO] [main.py] [683] ------------------------------已获取TaylorSwiftNow(5659527751)的第6页微博------------------------------
2024-09-09 17:08:22 [INFO] [main.py] [673] 已获取用户 TaylorSwiftNow 的微博，内容为 【Pics】The Eras Tour饭拍图
Cr. X 91annawilliams 
2024-09-09 17:08:22 [INFO] [main.py] [673] 已获取用户 TaylorSwiftNow 的微博，内容为 0  P   i   c   s   0  R   e   d     n  N    Q  w  
2024-09-09 17:08:22 [INFO] [main.py] [673] 已获取用户 TaylorSwiftNow 的微博，内容为 0  P   i   c   s   0  ÷× ÿ× þ× ÿ× N    Q  w  _  þV  ÿ  Íb  Dd  N  2   0   1   4   .   5   .   3   
2024-09-09 17:08:22 [INFO] [main.py] [673] 已获取用户 TaylorSwiftNow 的微博，内容为 【Pics】The Eras Tour饭拍图
Cr. X 91annawilliams 
2024-09-09 17:08:22 [INFO] [main.py] [673] 已获取用户 TaylorSwiftNow 的微博，内容为 【News】Hayley Williams更新快拍表示自己保留了每一条友谊手链 
2024-09-09 17:08:22 [INFO] [main.py] [673] 已获取用户 TaylorSwiftNow 的微博，内容为 【Pics】The Eras Tour饭拍图
Cr. X 91annawilliams 
2024-09-09 17:08:22 [INFO] [main.py] [534] URL: https://m.weibo.cn/detail/5073830608896277 
2024-09-09 17:08:22 [INFO] [main.py] [673] 已获取用户 TaylorSwiftNow 的微博，内容为 0  P   i   c   s   0  T   h   e       E   r   a   s       T   o   u   r       @       G   l   e   n   d   a   l   e   ,       N   1       Z  SO  þV      P   t   .       1   4   
2024-09-09 17:08:22 [INFO] [main.py] [534] URL: https://m.weibo.cn/detail/5073799357399218 
2024-09-09 17:08:23 [INFO] [main.py] [673] 已获取用户 TaylorSwiftNow 的微博，内容为 【Pics】The Eras Tour @ Glendale, N1 媒体图 Pt. 13
TaylorSwift
 
2024-09-09 17:08:23 [INFO] [main.py] [673] 已获取用户 TaylorSwiftNow 的微博，内容为 【Data】Don’t Blame Me超越Look What You Made Me Do成为reputation在Spotify播放量最高的歌曲 
2024-09-09 17:08:23 [INFO] [main.py] [673] 已获取用户 TaylorSwiftNow 的微博，内容为 【Pics】The Eras Tour @ Glendale, N1 媒体图 Pt. 12
TaylorSwift
 
2024-09-09 17:08:23 [INFO] [main.py] [683] ------------------------------已获取TaylorSwiftNow(5659527751)的第7页微博------------------------------
2024-09-09 17:08:23 [INFO] [main.py] [534] URL: https://m.weibo.cn/detail/5073545631630259 
2024-09-09 17:08:24 [INFO] [main.py] [673] 已获取用户 TaylorSwiftNow 的微博，内容为 【Pics】The Eras Tour @ Glendale, N1 媒体图 Pt. 11
TaylorSwift
 
2024-09-09 17:08:24 [INFO] [main.py] [534] URL: https://m.weibo.cn/detail/5073537691553194 
2024-09-09 17:08:24 [INFO] [main.py] [673] 已获取用户 TaylorSwiftNow 的微博，内容为 【Radio】8/30 电台更新
Pop
12 (+1) I Can Do It With A Broken Heart *Re-Peak*
播放: 6993 (+90)
听众: 14.667M (+0.389M)
(R) Fortnight *Peak 4
播放: 491 (-10)
听众: 1.007M (-0.018M)
(R) Cruel Summer *Peak 1
播放: 3123 (-69)
听众: 7.501M (-0.014M)
HAC
7 (=) I Can Do It With A Broken Heart *Peak
播放: 3817 (+55)
听众: 10.767M (+0.147M)
33 (=) Fortnight *Peak 1
播放: 405 (=)
听众: 1.332M (-0.048M)
(R) Cruel Summer *Peak 1
播放: 2074 (-21)
听众: 7.276M (+0.004M)
AC
3 (=) Cruel Summer *Peak 1
播放: 2100 (-25)
听众: 9.728M (-0.135M)
10 (=) Fortnight *Peak 7
播放: 327 (-18)
听众: 1.050M (-0.027M)
27 (+1) I Can Do It With A Broken Heart *Re-Peak*
播放: 30 (+3)
听众: 0.052M (+0.004M)
2024-09-09 17:08:24 [INFO] [main.py] [534] URL: https://m.weibo.cn/detail/5073522969285278 
2024-09-09 17:08:24 [INFO] [main.py] [673] 已获取用户 TaylorSwiftNow 的微博，内容为 【Pics】The Eras Tour @ Glendale, N1 媒体图 Pt. 10 
2024-09-09 17:08:24 [INFO] [main.py] [673] 已获取用户 TaylorSwiftNow 的微博，内容为 【News】The Eras Tour巡演电影拍摄原始素材超100条，接近200TB 
2024-09-09 17:08:24 [INFO] [main.py] [673] 已获取用户 TaylorSwiftNow 的微博，内容为 【Pics】The Eras Tour @ Glendale, N1 媒体图 Pt. 9
TaylorSwift
 
2024-09-09 17:08:24 [INFO] [main.py] [534] URL: https://m.weibo.cn/detail/5073494595339578 
2024-09-09 17:08:25 [INFO] [main.py] [673] 已获取用户 TaylorSwiftNow 的微博，内容为 0  C   h   a   r   t   0  1r  \  pQ  I   R   M   A   i  US  ôf  °e      (   2   4   /   0   8   /   3   0   )   
2024-09-09 17:08:25 [INFO] [main.py] [534] URL: https://m.weibo.cn/detail/5073494507782890 
2024-09-09 17:08:25 [INFO] [main.py] [673] 已获取用户 TaylorSwiftNow 的微博，内容为 0  C   h   a   r   t   0  ñ  ýV  O   f   f   i   c   i   a   l       C   h   a   r   t   s   i  US  ôf  °e      (   2   4   /   0   8   /   3   0   )   
2024-09-09 17:08:25 [INFO] [main.py] [534] URL: https://m.weibo.cn/detail/5073494356263135 
2024-09-09 17:08:25 [INFO] [main.py] [673] 已获取用户 TaylorSwiftNow 的微博，内容为 0  C   h   a   r   t   0  ³o  'Y  )R  N  A   R   I   A   i  US  ôf  °e      (   2   4   .   0   9   .   0   2   )   
2024-09-09 17:08:25 [INFO] [main.py] [534] URL: https://m.weibo.cn/detail/5073493501417574 
2024-09-09 17:08:26 [INFO] [main.py] [673] 已获取用户 TaylorSwiftNow 的微博，内容为 【Data】Spotify 8/30 全球日榜
34 (-5) Cruel Summer - 2,704,500 [-5.52%]
63 (-2) Fortnight - 2,011,744 [-1.39%]
96 (-3) I Can Do It With a Broken Heart - 1,734,655 [+2.00%]
119 (-9) august - 1,618,969 [+0.76%]
Spotify 8/30 美区日榜
61 (+2) I Can Do It With a Broken Heart - 600,822 [+3.89%]
69 (-4) Fortnight - 573,945 [+1.25%]
70 (-10) Cruel Summer - 573,020 [-2.48%]
144 (-2) august - 410,463 [+2.59%]
2024-09-09 17:08:26 [INFO] [main.py] [673] 已获取用户 TaylorSwiftNow 的微博，内容为 0  P   i   c   s   0  T   h   e       E   r   a   s       T   o   u   r       @       G   l   e   n   d   a   l   e   ,       N   1       Z  SO  þV      P   t   .       8   
2024-09-09 17:08:26 [INFO] [main.py] [683] ------------------------------已获取TaylorSwiftNow(5659527751)的第8页微博------------------------------
2024-09-09 17:08:26 [INFO] [main.py] [673] 已获取用户 TaylorSwiftNow 的微博，内容为 【Chart】泰勒丝重回Spotify美区艺人日榜首位 
2024-09-09 17:08:26 [INFO] [main.py] [673] 已获取用户 TaylorSwiftNow 的微博，内容为 【News】泰勒丝新增两项VMA提名
- VMAs Most Iconic Performance: You Belong With Me
- Song of the Summer: Fortnight
这两个奖项的投/票将于9月开启。同时常规奖项的投/票已延长一周 
2024-09-09 17:08:26 [INFO] [main.py] [534] URL: https://m.weibo.cn/detail/5073163864248677 
2024-09-09 17:08:27 [INFO] [main.py] [673] 已获取用户 TaylorSwiftNow 的微博，内容为 【Data】Spotify 8/29 全球日榜
29 (+5) Cruel Summer - 2,862,375 [+9.30%]
61 (-2) Fortnight - 2,040,018 [+1.90%]
93 (+3) I Can Do It With a Broken Heart - 1,700,630 [+0.19%]
110 (+7) august - 1,606,766 [+1.55%]
185 (+15) Lover - 1,286,879 [+4.12%]
Spotify 8/29 美区日榜
60 (+8) Cruel Summer - 587,597 [+8.67%]
63 (-3) I Can Do It With a Broken Heart - 578,328 [+1.02%]
65 (+2) Fortnight - 566,882 [+3.17%]
142 (+2) august - 400,118 [+2.10%]
2024-09-09 17:08:27 [INFO] [main.py] [534] URL: https://m.weibo.cn/detail/5073163658729765 
2024-09-09 17:08:27 [INFO] [main.py] [673] 已获取用户 TaylorSwiftNow 的微博，内容为 【Radio】8/29 电台更新
Pop
13 (-1) I Can Do It With A Broken Heart *Peak 12
播放: 6903 (+38)
听众: 14.278M (+0.130M)
(R) Fortnight *Peak 4
播放: 501 (-22)
听众: 1.025M (-0.011M)
(R) Cruel Summer *Peak 1
播放: 3192 (-6)
听众: 7.515M (-0.008M)
HAC
7 (=) I Can Do It With A Broken Heart *Peak
播放: 3762 (+37)
听众: 10.620M (+0.033M)
33 (=) Fortnight *Peak 1
播放: 405 (-4)
听众: 1.380M (+0.075M)
(R) Cruel Summer *Peak 1
播放: 2095 (-44)
听众: 7.272M (-0.196M)
AC
3 (=) Cruel Summer *Peak 1
播放: 2125 (-2)
听众: 9.863M (-0.081M)
10 (=) Fortnight *Peak 7
播放: 345 (+1)
听众: 1.077M (-0.091M)
28 (-1) I Can Do It With A Broken Heart *Peak 27
播放: 27 (-3)
听众: 0.048M (-0.006M)
2024-09-09 17:08:27 [INFO] [main.py] [673] 已获取用户 TaylorSwiftNow 的微博，内容为 【News】ET消息，泰勒丝*不会*发行小说 
2024-09-09 17:08:27 [INFO] [main.py] [673] 已获取用户 TaylorSwiftNow 的微博，内容为 【News】TN向部分完成了T1kTok手链收集的粉丝们赠送了耳朵巡演门票 
TaylorSwiftNow的微博视频
 
2024-09-09 17:08:27 [INFO] [main.py] [534] URL: https://m.weibo.cn/detail/5073103610446267 
2024-09-09 17:08:27 [INFO] [main.py] [673] 已获取用户 TaylorSwiftNow 的微博，内容为 【Pics】The Eras Tour @ Glendale, N1 媒体图 Pt. 7 
2024-09-09 17:08:27 [INFO] [main.py] [673] 已获取用户 TaylorSwiftNow 的微博，内容为 【Pics】The Eras Tour @ Glendale, N1 媒体图 Pt. 6 
2024-09-09 17:08:27 [INFO] [main.py] [673] 已获取用户 TaylorSwiftNow 的微博，内容为 【Pics】The Eras Tour @ Glendale, N1 媒体图 Pt. 5 
TaylorSwift
 
2024-09-09 17:08:27 [INFO] [main.py] [534] URL: https://m.weibo.cn/detail/5073011153568504 
2024-09-09 17:08:28 [INFO] [main.py] [673] 已获取用户 TaylorSwiftNow 的微博，内容为 0  P   i   c   s   0  T   h   e       E   r   a   s       T   o   u   r       @       G   l   e   n   d   a   l   e       A   Z   ,       N   1       Z  SO  þV      P   t   .       4   
2024-09-09 17:08:28 [INFO] [main.py] [683] ------------------------------已获取TaylorSwiftNow(5659527751)的第9页微博------------------------------
2024-09-09 17:08:28 [INFO] [main.py] [673] 已获取用户 TaylorSwiftNow 的微博，内容为 【素】2021年SNL弃图一枚 
2024-09-09 17:08:28 [INFO] [main.py] [673] 已获取用户 TaylorSwiftNow 的微博，内容为 【Video】But Daddy I Love Him (内场第一排版)
Cr. tt erastoureurope
TaylorSwift
 
TaylorSwiftNow的微博视频
 
2024-09-09 17:08:28 [INFO] [main.py] [534] URL: https://m.weibo.cn/detail/5072804158378068 
2024-09-09 17:08:29 [INFO] [main.py] [673] 已获取用户 TaylorSwiftNow 的微博，内容为 【Radio】8/28 电台更新
Pop
12 (=) I Can Do It With A Broken Heart *Peak
播放: 6865 (+36)
听众: 14.148M (+0.081M)
(R) Fortnight *Peak 4
播放: 523 (-22)
听众: 1.036M (-0.057M)
(R) Cruel Summer *Peak 1
播放: 3198 (-34)
听众: 7.523M (+0.078M)
HAC
7 (=) I Can Do It With A Broken Heart *Peak
播放: 3725 (+52)
听众: 10.587M (+0.089M)
33 (=) Fortnight *Peak 1
播放: 409 (-16)
听众: 1.305M (-0.125M)
(R) Cruel Summer *Peak 1
播放: 2139 (-57)
听众: 7.468M (-0.246M)
AC
3 (=) Cruel Summer *Peak 1
播放: 2127 (-9)
听众: 9.944M (-0.031M)
10 (=) Fortnight *Peak 7
播放: 344 (+5)
听众: 1.168M (-0.052M)
27 (+2) I Can Do It With A Broken Heart *New Peak*
播放: 30 (+2)
听众: 0.054M (+0.009M)
2024-09-09 17:08:29 [INFO] [main.py] [534] URL: https://m.weibo.cn/detail/5072801358943259 
2024-09-09 17:08:29 [INFO] [main.py] [673] 已获取用户 TaylorSwiftNow 的微博，内容为 【News】T1kTok十一周手链串珠全部解锁后可以获得泰勒丝Certified Swiftie手写留言和Swiftie头像挂件
“You did it (maybe even with a broken heart?)!
You're a certified Swiftie!
Thanks for celebrating all 11 eras with us during the European leg of Taylor Swift | The Eras Tour.
Enjoy this exclusive profile frame you earned proudly!”
2024-09-09 17:08:29 [INFO] [main.py] [673] 已获取用户 TaylorSwiftNow 的微博，内容为 【Pics】The Eras Tour @ Glendale, N1 媒体图 Pt. 3
TaylorSwift
 
2024-09-09 17:08:29 [INFO] [main.py] [534] URL: https://m.weibo.cn/detail/5072783279391386 
2024-09-09 17:08:29 [INFO] [main.py] [673] 已获取用户 TaylorSwiftNow 的微博，内容为 【Data】Spotify 8/28 全球日榜
34 (+1) Cruel Summer - 2,618,836 [-2.41%]
59 (+11) Fortnight - 2,001,927 [+4.55%]
96 (+2) I Can Do It With a Broken Heart - 1,697,414 [+1.07%]
117 (-17) august - 1,582,286 [-5.43%]
200 (RE) Lover - 1,235,930
Spotify 8/28 美区日榜
60 (+3) I Can Do It With a Broken Heart - 572,469 [+0.31%]
67 (+9) Fortnight - 549,464 [+3.46%]
68 (-3) Cruel Summer - 540,719 [-3.61%]
144 (-18) august - 391,873 [-7.13%]
2024-09-09 17:08:29 [INFO] [main.py] [534] URL: https://m.weibo.cn/detail/5072763043975632 
2024-09-09 17:08:30 [INFO] [main.py] [680] 正在过滤转发微博
2024-09-09 17:08:30 [INFO] [main.py] [534] URL: https://m.weibo.cn/detail/5072762991280667 
2024-09-09 17:08:30 [INFO] [main.py] [673] 已获取用户 TaylorSwiftNow 的微博，内容为 【Pics】The Eras Tour @ Glendale, N1 媒体图 Pt. 2
TaylorSwift
 
2024-09-09 17:08:30 [INFO] [main.py] [673] 已获取用户 TaylorSwiftNow 的微博，内容为 0  P   i   c   s   0  T   h   e       E   r   a   s       T   o   u   r       @       G   l   e   n   d   a   l   e       A   Z   ,       N   1       Z  SO  þV      P   t   .       1   
2024-09-09 17:08:30 [INFO] [main.py] [673] 已获取用户 TaylorSwiftNow 的微博，内容为 【Pics】2021 SNL弃图两枚
这套写真拍摄于2021.11.11 
2024-09-09 17:08:30 [INFO] [main.py] [683] ------------------------------已获取TaylorSwiftNow(5659527751)的第10页微博------------------------------
2024-09-09 17:08:41 [INFO] [main.py] [680] 正在过滤转发微博
2024-09-09 17:08:41 [INFO] [main.py] [673] 已获取用户 TaylorSwiftNow 的微博，内容为 0  V   o   t   e       N   o   w   0  Ý  »y  V   M   A     VY  xQ  
2024-09-09 17:08:41 [INFO] [main.py] [673] 已获取用户 TaylorSwiftNow 的微博，内容为 【清仓大甩卖】官网商店更新August Slipped Away Summer Sale Collection，众多商品低至65折，限时134小时 (9.2 11:59pm ET)
TN：“8月飞走啦但是别错过周边打折哦” 
2024-09-09 17:08:41 [INFO] [main.py] [673] 已获取用户 TaylorSwiftNow 的微博，内容为 【Video】巡演团队成员在Taylor演唱marjorie时举起了蜡烛 
TaylorSwiftNow的微博视频
 
2024-09-09 17:08:41 [INFO] [main.py] [680] 正在过滤转发微博
2024-09-09 17:08:41 [INFO] [main.py] [534] URL: https://m.weibo.cn/detail/5072286029975146 
2024-09-09 17:08:41 [INFO] [main.py] [673] 已获取用户 TaylorSwiftNow 的微博，内容为 【News】新泽西Stone Harbor博物馆展出了小小霉与家人在周边地区游玩的旧照，以及之后Taylor在小镇咖啡馆/餐厅演出的现场图 
2024-09-09 17:08:41 [INFO] [main.py] [673] 已获取用户 TaylorSwiftNow 的微博，内容为 【Pics】霉霉与Paramore在伦敦站N8巡演后台的合照 
2024-09-09 17:08:41 [INFO] [main.py] [534] URL: https://m.weibo.cn/detail/5071967048962816 
2024-09-09 17:08:41 [INFO] [main.py] [673] 已获取用户 TaylorSwiftNow 的微博，内容为 0  P   i   c   s   0  T   h   e       E   r   a   s       T   o   u   r   m  Íb  þV  ô 
2024-09-09 17:08:41 [INFO] [main.py] [673] 已获取用户 TaylorSwiftNow 的微博，内容为 【#泰勒斯威夫特人美心善#】泰勒丝通过New York杂志表达对Charli XCX的赞赏
“自从2011年第一次听到Stay Away以来，我就被Charli的旋律感深深打动了。她的创作总是超现实且富有创意，总是能够将一首歌带到你意想不到的地方，而且已经十多年坚持这样做。能看到这样的努力得到回报，我也非常开心。” 
2024-09-09 17:08:41 [INFO] [main.py] [534] URL: https://m.weibo.cn/detail/5071739777978438 
2024-09-09 17:08:42 [INFO] [main.py] [673] 已获取用户 TaylorSwiftNow 的微博，内容为 【News】最新New York杂志提到了泰勒丝对Charli XCX等艺人职业生涯塑造性的影响
“如今，想要打造一个成功的流行音乐事业，可能已经无法避免地要从Taylor的工具箱中借鉴一下了——彩蛋、标志性的颜色、狂热的粉丝。这两位艺人都是通过透露极少的信息来展现自我的高手。毕竟，brat是什么呢？它不过是也是一个Era。Charli与泰勒丝已相处了足够多的时间，来从她那儿中学到一些东西。”
2024-09-09 17:08:42 [INFO] [main.py] [683] ------------------------------已获取TaylorSwiftNow(5659527751)的第11页微博------------------------------
2024-09-09 17:08:42 [INFO] [main.py] [534] URL: https://m.weibo.cn/detail/5071676217229500 
2024-09-09 17:08:43 [INFO] [main.py] [673] 已获取用户 TaylorSwiftNow 的微博，内容为 【Data】Spotify 8/25 全球日榜
34 (-4) Cruel Summer - 2,498,949 [-12.93%]
70 (+4) Fortnight - 1,748,857 [-10.21%]
103 (-3) I Can Do It With a Broken Heart - 1,543,164 [-9.45%]
117 (-8) august - 1,452,664 [-12.04%]
Spotify 8/25 美区日榜
68 (-2) I Can Do It With a Broken Heart - 538,574 [-10.10%]
69 (-10) Cruel Summer - 531,796 [-14.17%]
81 (-6) Fortnight - 489,241 [-10.40%]
184 (-30) august - 346,828 [-12.37%]
2024-09-09 17:08:43 [INFO] [main.py] [534] URL: https://m.weibo.cn/detail/5071367592739718 
2024-09-09 17:08:43 [INFO] [main.py] [673] 已获取用户 TaylorSwiftNow 的微博，内容为 【Pics】The Eras Tour @ London 媒体图汇总
伦敦超越洛杉矶成为拥有Eras Tour媒体图最多的城市
N4 (Getty): 
网页链接
 
网页链接
 
网页链接
 
网页链接
 
网页链接
 
网页链接
 
网页链接
 
网页链接
 
网页链接
 
N4-8 (TASRM): 
网页链接
 
网页链接
N1-3 (六月)：
网页链接
IG: 
网页链接
 
网页链接
TaylorSwift
2024-09-09 17:08:43 [INFO] [main.py] [534] URL: https://m.weibo.cn/detail/5071356149893611 
2024-09-09 17:08:43 [INFO] [main.py] [673] 已获取用户 TaylorSwiftNow 的微博，内容为 【Radio】8/24 电台更新
Pop
13 (=) I Can Do It With A Broken Heart *Peak
播放: 6724 (+3)
听众: 13.925M (-0.120M)
(R) Fortnight *Peak 4
播放: 609 (-9)
听众: 1.238M (-0.043M)
(R) Cruel Summer *Peak 1
播放: 3193 (+3)
听众: 7.226M (+0.014M)
HAC
7 (=) I Can Do It With A Broken Heart *Peak
播放: 3558 (+41)
听众: 10.372M (+0.037M)
31 (-1) Fortnight *Peak 1
播放: 544 (-26)
听众: 1.674M (-0.030M)
(R) Cruel Summer *Peak 1
播放: 2323 (-79)
听众: 8.066M (-0.213M)
AC
3 (=) Cruel Summer *Peak 1
播放: 2166 (+4)
听众: 10.014M (-0.051M)
9 (=) Fortnight *Peak 7
播放: 325 (-5)
听众: 1.165M (-0.005M)
31 (=) I Can Do It With A Broken Heart *Peak
播放: 29 (=)
听众: 0.046M (-0.002M)
2024-09-09 17:08:43 [INFO] [main.py] [534] URL: https://m.weibo.cn/detail/5071356053426252 
2024-09-09 17:08:44 [INFO] [main.py] [673] 已获取用户 TaylorSwiftNow 的微博，内容为 【Data】Spotify 8/24 全球日榜
30 (+8) Cruel Summer - 2,870,063 [-0.01%]
74 (-20) Fortnight - 1,947,790 [-13.53%]
100 (-9) I Can Do It With a Broken Heart - 1,704,147 [-8.78%]
109 (-1) august - 1,651,454 [-3.43%]
Spotify 8/24 美区日榜
59 (+13) Cruel Summer - 619,625 [+1.93%]
66 (-1) I Can Do It With a Broken Heart - 599,090 [-6.45%]
75 (-8) Fortnight - 546,057 [-13.79%]
154 (-8) august - 395,777 [-7.86%]
2024-09-09 17:08:44 [INFO] [main.py] [673] 已获取用户 TaylorSwiftNow 的微博，内容为 【Pics】The Eras Tour @ London, N4-8 媒体图 Pt. 2 
2024-09-09 17:08:44 [INFO] [main.py] [534] URL: https://m.weibo.cn/detail/5071274403432178 
2024-09-09 17:08:44 [INFO] [main.py] [673] 已获取用户 TaylorSwiftNow 的微博，内容为 【News】Zoe Kravitz在节目中谈及与Taylor在伦敦见面
“看她巡演其实并不惊讶，她无论做什么事都流露出很多才华。但对我来讲特别怪的一点是，在为不知道几万人表演结束后，她就过来我这儿一起喝点红酒吃点汉堡聊聊天，要是不说你都不知道她刚在Wembley表演完。
你知道，有很多名人是时刻让你记着他们是有名气的，就好像会把Wembley带回家。而她演出一结束就回归普通人的状态，好crazy。” 
TaylorSwiftNow的微博视频
2024-09-09 17:08:44 [INFO] [main.py] [673] 已获取用户 TaylorSwiftNow 的微博，内容为 【News】Coldplay主唱Chris Martin被问及与Maggie Rogers合唱Love Story时说道：
“We did our best. It doesn’t make up for the missing of the real thing, but we did our damnedest to acknowledge (the Swifties).” 
TaylorSwiftNow的微博视频
 
2024-09-09 17:08:44 [INFO] [main.py] [673] 已获取用户 TaylorSwiftNow 的微博，内容为 【Chart】HDD最终预测：TTPD降至第3位 
2024-09-09 17:08:44 [INFO] [main.py] [673] 已获取用户 TaylorSwiftNow 的微博，内容为 0  P   i   c   s   0  T   h   e       E   r   a   s       T   o   u   r   m  Íb  þV  ô 
2024-09-09 17:08:44 [INFO] [main.py] [673] 已获取用户 TaylorSwiftNow 的微博，内容为 【看点】伦敦末场Florida!!! 演出时疑似在进行录制 
2024-09-09 17:08:44 [INFO] [main.py] [683] ------------------------------已获取TaylorSwiftNow(5659527751)的第12页微博------------------------------
2024-09-09 17:08:45 [INFO] [main.py] [673] 已获取用户 TaylorSwiftNow 的微博，内容为 0  Ù  1\  /f  N  hT  t^  .   j   p   g   0  T   N   (f  )Y  ôf  °e   N  µk  L   o   v   e   r   m  Íb  v^  û  Lr  N  1   2   ag  |  N  ¨c  e  åN  ^  ]y  L   o   v   e   r   N  hT  t^  
2024-09-09 17:08:45 [INFO] [main.py] [673] 已获取用户 TaylorSwiftNow 的微博，内容为 0  W   o   r   k   b  ,d  0  ¥c  ¢[  ÐY  ÞV  ^  H   a   y   l   e   y       W   i   l   l   i   a   m   s   ê  ñ]  ¡l  ~b  0R    ðS  úQ  ãS  v  P  ãS      Iô     
2024-09-09 17:08:45 [INFO] [main.py] [673] 已获取用户 TaylorSwiftNow 的微博，内容为 【Video】Austin与Este激情跟唱ATW
Cr. tt paigemichele13 
TaylorSwiftNow的微博视频
 
2024-09-09 17:08:45 [INFO] [main.py] [673] 已获取用户 TaylorSwiftNow 的微博，内容为 【Eras Tour找不到出口版】Hayley Williams快拍转发Jack和她都在惊喜曲表演结束后找不到舞台出口
“我当时没戴眼镜jack你的借口是什么呢” 
2024-09-09 17:08:45 [INFO] [main.py] [673] 已获取用户 TaylorSwiftNow 的微博，内容为 【Video】Coldplay在昨天演唱会中翻唱Shake It Off
Cr. tt konzertzeugs 
TaylorSwiftNow的微博视频
 
2024-09-09 17:08:45 [INFO] [main.py] [534] URL: https://m.weibo.cn/detail/5070658111539931 
2024-09-09 17:08:45 [INFO] [main.py] [680] 正在过滤转发微博
2024-09-09 17:08:45 [INFO] [main.py] [673] 已获取用户 TaylorSwiftNow 的微博，内容为 【News】泰勒丝更新快拍为Zoe Kravitz/Channing Tatum、Sabrina Carpenter宣传 
2024-09-09 17:08:45 [INFO] [main.py] [673] 已获取用户 TaylorSwiftNow 的微博，内容为 0  ô 0  :N  ^  ]y  ðl  ÒR  N  [  b  )n  ^  )R  kQ  Þ   _  v  îX  >N  ÿ  t  :W  [  ¹e  T  ðl  ÒR  N  `    N   N  b  [  6R  	T  ÖN      
2024-09-09 17:08:45 [INFO] [main.py] [673] 已获取用户 TaylorSwiftNow 的微博，内容为 【Playlist】Spotify Today's Top Hits 列表更新
9.(+1) I Can Do It With a Broken Heart
28.(+1) Fortnight (feat. Post Malone)
TaylorSwift
 
2024-09-09 17:08:45 [INFO] [main.py] [673] 已获取用户 TaylorSwiftNow 的微博，内容为 【
】Lover发行五周年，泰勒丝已正式拥有专辑的完整版权 
2024-09-09 17:08:45 [INFO] [main.py] [683] ------------------------------已获取TaylorSwiftNow(5659527751)的第13页微博------------------------------
2024-09-09 17:08:55 [INFO] [main.py] [673] 已获取用户 TaylorSwiftNow 的微博，内容为 【News】Jack Antonoff更新快拍
“我们在录音室里工作时也就是这样” 
2024-09-09 17:08:55 [INFO] [main.py] [673] 已获取用户 TaylorSwiftNow 的微博，内容为 【Chart】Florida!!! 重回英国Spo日榜 
2024-09-09 17:08:55 [INFO] [main.py] [534] URL: https://m.weibo.cn/detail/5070257608461581 
2024-09-09 17:08:56 [INFO] [main.py] [673] 已获取用户 TaylorSwiftNow 的微博，内容为 【Data】Spotify 8/21 全球日榜
21 (=) Cruel Summer - 2,996,535 [+1.00%]
38 (+2) Fortnight - 2,299,920 [+1.77%]
54 (+3) august - 2,019,482 [+1.62%]
68 (+26) I Can Do It With a Broken Heart - 1,891,732 [+11.67%]
161 (+8) Lover - 1,399,485 [+3.25%]
Spotify 8/21 美区日榜
47 (+4) Fortnight - 637,098 [+2.94%]
50 (+15) I Can Do It With a Broken Heart - 619,697 [+10.18%]
51 (+2) Cruel Summer - 615,694 [+3.51%]
86 (+5) august - 491,849 [+3.12%]
200 (RE) Down Bad - 358,544
2024-09-09 17:08:56 [INFO] [main.py] [534] URL: https://m.weibo.cn/detail/5070256894379145 
2024-09-09 17:08:56 [INFO] [main.py] [673] 已获取用户 TaylorSwiftNow 的微博，内容为 【Radio】8/21 电台更新
Pop
13 (=) I Can Do It With A Broken Heart *Peak
播放: 6636 (+87)
听众: 14.082M (+0.193M)
(R) Fortnight *Peak 4
播放: 669 (-40)
听众: 1.384M (-0.043M)
(R) Cruel Summer *Peak 1
播放: 3192 (+20)
听众: 7.274M (-0.203M)
HAC
7 (=) I Can Do It With A Broken Heart *Peak
播放: 3448 (+39)
听众: 10.301M (+0.083M)
27 (=) Fortnight *Peak 1
播放: 650 (-24)
听众: 1.836M (-0.038M)
(R) Cruel Summer *Peak 1
播放: 2486 (-15)
听众: 8.577M (-0.007M)
AC
3 (=) Cruel Summer *Peak 1
播放: 2176 (-10)
听众: 9.946M (-0.202M)
8 (=) Fortnight *Peak 7
播放: 341 (+8)
听众: 1.221M (+0.039M)
32 (+1) I Can Do It With A Broken Heart *Re-Peak*
播放: 30 (+1)
听众: 0.048M (=)
2024-09-09 17:08:56 [INFO] [main.py] [673] 已获取用户 TaylorSwiftNow 的微博，内容为 【News】Eras Tour欧巡末场后台的舞台造型蛋糕
P1来自Florence的造型师 
2024-09-09 17:08:56 [INFO] [main.py] [673] 已获取用户 TaylorSwiftNow 的微博，内容为 【News】The Eras Tour伴唱、舞者陆续转发泰勒丝IG帖文
“看文案！”
“每一个词！”
“巡演大家庭还有Taylor还有你们所有人我太太太太太爱你们了” 
2024-09-09 17:08:56 [INFO] [main.py] [534] URL: https://m.weibo.cn/detail/5070115491809726 
2024-09-09 17:08:56 [INFO] [main.py] [680] 正在过滤转发微博
2024-09-09 17:08:56 [INFO] [main.py] [673] 已获取用户 TaylorSwiftNow 的微博，内容为 【Video】Delicate超近饭拍
Cr. tt tommiekleppe
TaylorSwift
 
TaylorSwiftNow的微博视频
 
2024-09-09 17:08:56 [INFO] [main.py] [673] 已获取用户 TaylorSwiftNow 的微博，内容为 【Video】Coldplay与Maggie Rogers在今天维也纳演唱会中为Taylor与Swifties演唱了Love Story
Cr. tt brotbuechsin 
TaylorSwiftNow的微博视频
 
2024-09-09 17:08:56 [INFO] [main.py] [534] URL: https://m.weibo.cn/detail/5070091866342584 
2024-09-09 17:08:57 [INFO] [main.py] [673] 已获取用户 TaylorSwiftNow 的微博，内容为 0  P   o   s   t   0  h  h  ÐY  ôf  °e  >y  Z  JT  +R  'k  F  á]  o  
2024-09-09 17:08:57 [INFO] [main.py] [683] ------------------------------已获取TaylorSwiftNow(5659527751)的第14页微博------------------------------
2024-09-09 17:08:57 [INFO] [main.py] [534] URL: https://m.weibo.cn/detail/5069986190065894 
2024-09-09 17:08:58 [INFO] [main.py] [673] 已获取用户 TaylorSwiftNow 的微博，内容为 【News】泰勒丝给RAYE写的一封信：
“Raye, I am such a massive fan of yours and have been for years. I can’t believe my luck. That you said "yes" and are joining us for such an important night on The Eras Tour, on last night at Wembley! Thank you from the bottom of my heart.” 
TaylorSwift
2024-09-09 17:08:58 [INFO] [main.py] [673] 已获取用户 TaylorSwiftNow 的微博，内容为 【Tour】The Eras Tour仅剩最后18场演出 
2024-09-09 17:08:58 [INFO] [main.py] [673] 已获取用户 TaylorSwiftNow 的微博，内容为 0  N   e   w   s   0  F   l   o   r   e   n   c   e       W   e   l   c   h   ôf  °e  ë_  Íb  
2024-09-09 17:08:58 [INFO] [main.py] [534] URL: https://m.weibo.cn/detail/5069953591674586 
2024-09-09 17:08:58 [INFO] [main.py] [673] 已获取用户 TaylorSwiftNow 的微博，内容为 【News】Paul更新社交媒体纪念欧巡结束
“2024年的夏天将成为音乐家的职业生涯中最有收获、最出色的经历.. 这轮巡演在全球范围内创造的无数记录将永远无法被超越，而身为这其中的一小部分也无比幸运。”
“多年后我可以告诉孩子们，他们的爸爸曾经的这份经历带给了他太多的欢乐与幸福..”
“Taylor… 谢谢你又一次的环游世界音乐之旅。”
“十月见！”
2024-09-09 17:08:58 [INFO] [main.py] [534] URL: https://m.weibo.cn/detail/5069952056297163 
2024-09-09 17:08:58 [INFO] [main.py] [673] 已获取用户 TaylorSwiftNow 的微博，内容为 【谁❤️来❤️管❤️管❤️光❤️明❤️正❤️大❤️在❤️外❤️跟❤️别❤️的❤️女❤️人❤️周❤️游❤️世❤️界❤️的❤️老❤️公】
Amos老婆：
（转发破碎心mv）好美丽的巡演好为这些个人儿骄傲，好了该到时间回家了好吧？
Amos：快了快了
（两小时后）
Amos：
我能（并且会）跟这帮谦卑、热烈、有爱并超能的友友们一直这么干下去
我为得以成为如此享誉、空前、红火而趣味之事的一分子而惊艳
这一切一如我所梦寐以求
TaylorSwift
2024-09-09 17:08:58 [INFO] [main.py] [673] 已获取用户 TaylorSwiftNow 的微博，内容为 0  P   i   c   s   0  T   h   e       E   r   a   s       T   o   u   r       @       L   o   n   d   o   n   ,       N   7       °s  :W  þV      P   t   .       1   1   
2024-09-09 17:08:58 [INFO] [main.py] [673] 已获取用户 TaylorSwiftNow 的微博，内容为 【Video】Ed Sheeran更新Everything Has Changed官摄片段 
TaylorSwiftNow的微博视频
 
2024-09-09 17:08:58 [INFO] [main.py] [673] 已获取用户 TaylorSwiftNow 的微博，内容为 【Video】Holly Humberstone翻唱Back To December 
TaylorSwiftNow的微博视频
 
2024-09-09 17:08:58 [INFO] [main.py] [673] 已获取用户 TaylorSwiftNow 的微博，内容为 0  V   i   d   e   o   0  P   O   V   ÿ  ðl  ÒR  N  ù[  `O  v  =^  P[  h  :y  ¯  [  Mô 
2024-09-09 17:08:58 [INFO] [main.py] [673] 已获取用户 TaylorSwiftNow 的微博，内容为 【News】《出租车司机》、《愤怒的公牛》编剧保罗·施拉德在Variety采访中表达了对泰勒丝的敬畏
“让我着迷的不完全是她的音乐，而是她创造的与猫王相类似现象。她与粉丝们共同打造了这个帝国，令人敬仰。” 
2024-09-09 17:08:58 [INFO] [main.py] [683] ------------------------------已获取TaylorSwiftNow(5659527751)的第15页微博------------------------------
2024-09-09 17:09:08 [INFO] [main.py] [673] 已获取用户 TaylorSwiftNow 的微博，内容为 【Video】'tis the damn season (Live at The Eras Tour)
视频Cr. ytb stafftaylorsversion (Obstructed View屏幕直录)
音频Cr. ytb dejaxxxvu 
TaylorSwiftNow的微博视频
 
2024-09-09 17:09:08 [INFO] [main.py] [534] URL: https://m.weibo.cn/detail/5069899387111797 
2024-09-09 17:09:08 [INFO] [main.py] [673] 已获取用户 TaylorSwiftNow 的微博，内容为 【Data】Spotify 8/20 全球日榜
21 (+2) Cruel Summer - 2,966,720 [+5.74%]
40 (+2) Fortnight - 2,260,022 [+4.08%]
57 (+7) august - 1,987,235 [+4.59%]
94 (+4) I Can Do It With a Broken Heart - 1,693,980 [+4.70%]
169 (-13) Lover - 1,355,489 [-0.90%]
Spotify 8/20 美区日榜
51 (+4) Fortnight - 618,914 [+2.84%]
53 (+15) Cruel Summer - 594,822 [+6.06%]
65 (+10) I Can Do It With a Broken Heart - 562,432 [+5.48%]
91 (+16) august - 476,969 [+5.65%]
2024-09-09 17:09:08 [INFO] [main.py] [534] URL: https://m.weibo.cn/detail/5069899347007127 
2024-09-09 17:09:08 [INFO] [main.py] [673] 已获取用户 TaylorSwiftNow 的微博，内容为 【Radio】8/20 电台更新
Pop
13 (=) I Can Do It With A Broken Heart *Peak
播放: 6549 (+144)
听众: 13.889M (+0.204M)
(R) Fortnight *Peak 4
播放: 709 (-31)
听众: 1.427M (-0.036M)
(R) Cruel Summer *Peak 1
播放: 3172 (-7)
听众: 7.477M (-0.059M)
HAC
7 (=) I Can Do It With A Broken Heart *Peak
播放: 3409 (+32)
听众: 10.218M (+0.112M)
27 (+1) Fortnight *Peak 1
播放: 674 (-36)
听众: 1.874M (-0.113M)
(R) Cruel Summer *Peak 1
播放: 2501 (-7)
听众: 8.584M (-0.082M)
AC
3 (=) Cruel Summer *Peak 1
播放: 2186 (-18)
听众: 10.148M (-0.180M)
8 (=) Fortnight *Peak 7
播放: 333 (-10)
听众: 1.182M (-0.006M)
33 (=) I Can Do It With A Broken Heart *Peak 32
播放: 29 (+1)
听众: 0.048M (+0.002M)
2024-09-09 17:09:08 [INFO] [main.py] [673] 已获取用户 TaylorSwiftNow 的微博，内容为 【Video】Florida!!! 大屏版完整饭拍
Cr. tt v_swiftie_ 
TaylorSwiftNow的微博视频
 
2024-09-09 17:09:08 [INFO] [main.py] [673] 已获取用户 TaylorSwiftNow 的微博，内容为 0  P   i   c   s   0  T   h   e       E   r   a   s       T   o   u   r       @       L   o   n   d   o   n   ,       N   7       °s  :W  þV      P   t   .       1   0   
2024-09-09 17:09:08 [INFO] [main.py] [673] 已获取用户 TaylorSwiftNow 的微博，内容为 0  P   i   c   s   0  T   h   e       E   r   a   s       T   o   u   r       @       L   o   n   d   o   n   ,       N   7       °s  :W  þV      P   t   .       9   
2024-09-09 17:09:08 [INFO] [main.py] [673] 已获取用户 TaylorSwiftNow 的微博，内容为 【Video】Florida!!!
Cr. tt emilys_version05 
TaylorSwift
 
TaylorSwiftNow的微博视频
 
2024-09-09 17:09:08 [INFO] [main.py] [673] 已获取用户 TaylorSwiftNow 的微博，内容为 0  P   i   c   s   0  T   h   e       E   r   a   s       T   o   u   r       @       L   o   n   d   o   n   ,       N   7       °s  :W  þV      P   t   .       8   
2024-09-09 17:09:08 [INFO] [main.py] [534] URL: https://m.weibo.cn/detail/5069804069716402 
2024-09-09 17:09:09 [INFO] [main.py] [673] 已获取用户 TaylorSwiftNow 的微博，内容为 0  P   i   c   s   0  T   h   e       E   r   a   s       T   o   u   r       @       L   o   n   d   o   n   ,       N   5   /   8       Z  SO  þV      P   t   .       1   
2024-09-09 17:09:09 [INFO] [main.py] [673] 已获取用户 TaylorSwiftNow 的微博，内容为 0  P   i   c   s   0  T   h   e       E   r   a   s       T   o   u   r       @       L   o   n   d   o   n   ,       N   7       °s  :W  þV      P   t   .       7   
2024-09-09 17:09:09 [INFO] [main.py] [683] ------------------------------已获取TaylorSwiftNow(5659527751)的第16页微博------------------------------
2024-09-09 17:09:09 [INFO] [main.py] [673] 已获取用户 TaylorSwiftNow 的微博，内容为 【Chart】HDD中期预测，TTPD降至第3 
2024-09-09 17:09:09 [INFO] [main.py] [673] 已获取用户 TaylorSwiftNow 的微博，内容为 【Video】FLORIDA!!! 
TaylorSwiftNow的微博视频
 
2024-09-09 17:09:09 [INFO] [main.py] [673] 已获取用户 TaylorSwiftNow 的微博，内容为 【大型小品现场】Death By A Thousand Cuts x Getaway Car (ft. Jack Antonoff) @ London, N8
Cr. tt cam_harris_ 
TaylorSwift
 
TaylorSwiftNow的微博视频
 
2024-09-09 17:09:09 [INFO] [main.py] [673] 已获取用户 TaylorSwiftNow 的微博，内容为 【Playlist】Spotify Today's Top Hits列表更新
10 (+3) I Can Do It With a Broken Heart
29 (-1) Fortnight (feat. Post Malone) 
2024-09-09 17:09:09 [INFO] [main.py] [673] 已获取用户 TaylorSwiftNow 的微博，内容为 【Video】Florida!!! (with Florence + The Machine) @ London, N8 完整版出炉
Cr. tt theerastour.diary 
TaylorSwiftNow的微博视频
 
2024-09-09 17:09:09 [INFO] [main.py] [673] 已获取用户 TaylorSwiftNow 的微博，内容为 【Data】ICDIWABH成为泰勒丝除ME!外最快突破100万油管播放量的音乐视频 
2024-09-09 17:09:09 [INFO] [main.py] [673] 已获取用户 TaylorSwiftNow 的微博，内容为 【News】I Can Do It With a Broken Heart油管首播13分钟突破100万播放 
2024-09-09 17:09:09 [INFO] [main.py] [673] 已获取用户 TaylorSwiftNow 的微博，内容为 【Video】泰勒丝在今日演唱完Karma后和伴舞们拥抱
Cr. tt sabri.hmn
TaylorSwift
 
TaylorSwiftNow的微博视频
 
2024-09-09 17:09:09 [INFO] [main.py] [673] 已获取用户 TaylorSwiftNow 的微博，内容为 【News】I Can Do It With a Broken Heart (Official Video) 将于美东时间下午六点首播 (半小时后) 
2024-09-09 17:09:09 [INFO] [main.py] [683] ------------------------------已获取TaylorSwiftNow(5659527751)的第17页微博------------------------------
2024-09-09 17:09:10 [INFO] [main.py] [673] 已获取用户 TaylorSwiftNow 的微博，内容为 【Video】So Long, London @ London, N8
Cr. tt cam_harris_ 
TaylorSwiftNow的微博视频
 
2024-09-09 17:09:10 [INFO] [main.py] [673] 已获取用户 TaylorSwiftNow 的微博，内容为 【Video】泰勒丝与Jack在现场复刻了制作Getaway Car 桥段的花絮
TaylorSwift
 
2024-09-09 17:09:10 [INFO] [main.py] [673] 已获取用户 TaylorSwiftNow 的微博，内容为 【Video】Florida!!! (with Florence +The Machine) 首演现场
Cr. tt le6la1 
TaylorSwiftNow的微博视频
 
2024-09-09 17:09:10 [INFO] [main.py] [673] 已获取用户 TaylorSwiftNow 的微博，内容为 So Long, London 
TaylorSwift
 
2024-09-09 17:09:10 [INFO] [main.py] [673] 已获取用户 TaylorSwiftNow 的微博，内容为 0  N   e   w   s   0  T   N   ôf  °e  X   
2024-09-09 17:09:10 [INFO] [main.py] [673] 已获取用户 TaylorSwiftNow 的微博，内容为 Death By a Thousand Cuts x Getaway Car 
TaylorSwift
 
2024-09-09 17:09:10 [INFO] [main.py] [673] 已获取用户 TaylorSwiftNow 的微博，内容为 【News】Jack上台助阵表演千刀万剐 
TaylorSwift
 
2024-09-09 17:09:10 [INFO] [main.py] [673] 已获取用户 TaylorSwiftNow 的微博，内容为 【Tour】Emily Blunt在今日巡演现场 
2024-09-09 17:09:10 [INFO] [main.py] [673] 已获取用户 TaylorSwiftNow 的微博，内容为 【News】But Daddy I Love Him/So High School表演后机器姐上台助阵演唱Florida!!! 
2024-09-09 17:09:10 [INFO] [main.py] [673] 已获取用户 TaylorSwiftNow 的微博，内容为 【❤️】历史首位单轮巡演在温布利球场动员八场的Solo艺人 
TaylorSwift
 
2024-09-09 17:09:10 [INFO] [main.py] [683] ------------------------------已获取TaylorSwiftNow(5659527751)的第18页微博------------------------------
2024-09-09 17:09:10 [INFO] [main.py] [673] 已获取用户 TaylorSwiftNow 的微博，内容为 0  T   o   u   r   0  r   e   p   u   t   a   t   i   o   n       o   u   t   f   i   t   Î  eg  N  yY  v  ,{  1   3   1   :W  o  úQ  ¤õ     
2024-09-09 17:09:10 [INFO] [main.py] [673] 已获取用户 TaylorSwiftNow 的微博，内容为 【omg】Jack Antonoff和Danielle Haim到达今日巡演现场！
TaylorSwift
 
2024-09-09 17:09:10 [INFO] [main.py] [673] 已获取用户 TaylorSwiftNow 的微博，内容为 【Video】今日巡演开场前有摄像组在拍摄Andrea Swift
TaylorSwift
 
TaylorSwiftNow的微博视频
 
2024-09-09 17:09:10 [INFO] [main.py] [534] URL: https://m.weibo.cn/detail/5069604693475732 
2024-09-09 17:09:11 [INFO] [main.py] [673] 已获取用户 TaylorSwiftNow 的微博，内容为 【Pics】The Eras Tour @ London, N4 媒体图 Pt. 9 
TaylorSwift
 
2024-09-09 17:09:11 [INFO] [main.py] [673] 已获取用户 TaylorSwiftNow 的微博，内容为 【Pics】The Eras Tour @ London, N4 媒体图 Pt. 8
TaylorSwift
 
2024-09-09 17:09:11 [INFO] [main.py] [673] 已获取用户 TaylorSwiftNow 的微博，内容为 【Pics】The Eras Tour @ London, N4 媒体图 Pt. 7
TaylorSwift
 
2024-09-09 17:09:11 [INFO] [main.py] [534] URL: https://m.weibo.cn/detail/5069559189737306 
2024-09-09 17:09:11 [INFO] [main.py] [673] 已获取用户 TaylorSwiftNow 的微博，内容为 【Data】Spotify 8/19 全球日榜
23 (+1) Cruel Summer - 2,805,741 [+8.74%]
42 (+4) Fortnight - 2,171,515 [+11.92%]
64 (+8) august - 1,900,074 [+10.26%]
98 (+9) I Can Do It With a Broken Heart - 1,617,987 [+10.86%]
156 (+9) Lover - 1,367,845 [+10.31%]
192 (+7) cardigan - 1,242,131 [+10.24%]
Spotify 8/19 美区日榜
55 (+8) Fortnight - 601,825 [+10.44%]
68 (-1) Cruel Summer - 560,830 [+6.94%]
75 (+5) I Can Do It With a Broken Heart - 533,200 [+8.38%]
107 (+17) august - 451,465 [+12.96%]
2024-09-09 17:09:11 [INFO] [main.py] [673] 已获取用户 TaylorSwiftNow 的微博，内容为 0  P   i   c   s   0  T   h   e       E   r   a   s       T   o   u   r       @       L   o   n   d   o   n   ,       N   7       °s  :W  þV      P   t   .       6   
2024-09-09 17:09:11 [INFO] [main.py] [534] URL: https://m.weibo.cn/detail/5069540764157240 
2024-09-09 17:09:11 [INFO] [main.py] [673] 已获取用户 TaylorSwiftNow 的微博，内容为 【Radio】8/19 电台更新
Pop
13 (=) I Can Do It With A Broken Heart *Peak
播放: 6405 (+110)
听众: 13.685M (+0.059M)
(R) Fortnight *Peak 4
播放: 740 (-20)
听众: 1.463M (-0.016M)
(R) Cruel Summer *Peak 1
播放: 3179 (-18)
听众: 7.536M (-0.029M)
HAC
7 (=) I Can Do It With A Broken Heart *Peak
播放: 3377 (+31)
听众: 10.106M (+0.036M)
28 (-1) Fortnight *Peak 1
播放: 710 (-26)
听众: 1.987M (-0.229M)
(R) Cruel Summer *Peak 1
播放: 2508 (-4)
听众: 8.666M (-0.055M)
AC
3 (=) Cruel Summer *Peak 1
播放: 2204 (+9)
听众: 10.328M (-0.093M)
8 (=) Fortnight *Peak 7
播放: 343 (=)
听众: 1.188M (-0.042M)
33 (-1) I Can Do It With A Broken Heart *Peak 32
播放: 28 (=)
听众: 0.046M (-0.001M)
2024-09-09 17:09:11 [INFO] [main.py] [673] 已获取用户 TaylorSwiftNow 的微博，内容为 【Pics】The Eras Tour @ London, N5 现场图 Pt. 1 
2024-09-09 17:09:11 [INFO] [main.py] [683] ------------------------------已获取TaylorSwiftNow(5659527751)的第19页微博------------------------------
2024-09-09 17:09:20 [INFO] [main.py] [673] 已获取用户 TaylorSwiftNow 的微博，内容为 0  P   i   c   s   0  T   h   e       E   r   a   s       T   o   u   r       @       L   o   n   d   o   n   ,       N   7       °s  :W  þV      P   t   .       5   
2024-09-09 17:09:20 [INFO] [main.py] [673] 已获取用户 TaylorSwiftNow 的微博，内容为 0  P   i   c   s   0  T   h   e       E   r   a   s       T   o   u   r       @       L   o   n   d   o   n   ,       N   7       °s  :W  þV      P   t   .       4   
2024-09-09 17:09:20 [INFO] [main.py] [673] 已获取用户 TaylorSwiftNow 的微博，内容为 0  P   i   c   s   0  T   h   e       E   r   a   s       T   o   u   r       @       L   o   n   d   o   n   ,       N   7       °s  :W  þV      P   t   .       3   
2024-09-09 17:09:20 [INFO] [main.py] [673] 已获取用户 TaylorSwiftNow 的微博，内容为 0  P   i   c   s   0  T   h   e       E   r   a   s       T   o   u   r       @       L   o   n   d   o   n   ,       N   7       °s  :W  þV      P   t   .       2   
2024-09-09 17:09:20 [INFO] [main.py] [673] 已获取用户 TaylorSwiftNow 的微博，内容为 【Tour】Maisie Peters今天开场表演时身穿泰勒丝2006年周边 
2024-09-09 17:09:20 [INFO] [main.py] [673] 已获取用户 TaylorSwiftNow 的微博，内容为 【Tour】泰勒丝以7场63.39万人打破Wembley Stadium单轮巡演动员记录
此前记录为Take That的8场62.37万人动员 
2024-09-09 17:09:20 [INFO] [main.py] [673] 已获取用户 TaylorSwiftNow 的微博，内容为 0  &O
2024-09-09 17:09:20 [INFO] [main.py] [673] 已获取用户 TaylorSwiftNow 的微博，内容为 【Video】The Archer x YOYOK @ London, N7
Cr. tt badtakesbyclyde 
TaylorSwiftNow的微博视频
 
2024-09-09 17:09:20 [INFO] [main.py] [673] 已获取用户 TaylorSwiftNow 的微博，内容为 【Video】Long Live x Change @ London, N7
Cr. tt badtakesbyclyde 
TaylorSwiftNow的微博视频
 
2024-09-09 17:09:20 [INFO] [main.py] [673] 已获取用户 TaylorSwiftNow 的微博，内容为 【Tour】第130场The Eras Tour的reputation outfit： 
2024-09-09 17:09:20 [INFO] [main.py] [683] ------------------------------已获取TaylorSwiftNow(5659527751)的第20页微博------------------------------
2024-09-09 17:09:20 [INFO] [main.py] [864] 195条微博写入csv文件完毕,保存路径:
2024-09-09 17:09:20 [INFO] [main.py] [867] /Users/wuxingyu/react_work/myGitHub/Crawlers/weibo/TaylorSwiftNow/5659527751.csv
2024-09-09 17:09:20 [INFO] [main.py] [673] 已获取用户 TaylorSwiftNow 的微博，内容为 【Video】今天22比划的数字为55,000
Cr. X kubaswift 
TaylorSwiftNow的微博视频
 
2024-09-09 17:09:20 [INFO] [main.py] [673] 已获取用户 TaylorSwiftNow 的微博，内容为 【Tour】今日巡演22 T恤
“This Is Not Taylor‘s Version”
TaylorSwift
 
2024-09-09 17:09:20 [INFO] [main.py] [673] 已获取用户 TaylorSwiftNow 的微博，内容为 【Tour】Taylor Lautner参加了今晚的时代巡演
TaylorSwift
 
2024-09-09 17:09:20 [INFO] [main.py] [655] ------------------------------已获取TaylorSwiftNow(5659527751)的第21页微博------------------------------
2024-09-09 17:09:20 [INFO] [main.py] [864] 198条微博写入csv文件完毕,保存路径:
2024-09-09 17:09:20 [INFO] [main.py] [867] /Users/wuxingyu/react_work/myGitHub/Crawlers/weibo/TaylorSwiftNow/5659527751.csv
2024-09-09 17:09:20 [INFO] [main.py] [725] 微博爬取完成，共爬取198条微博
2024-09-09 17:09:20 [INFO] [main.py] [926] 信息抓取完毕
2024-09-09 17:09:20 [INFO] [main.py] [927] ****************************************************************************************************
